<?xml version="1.0" encoding="UTF-8"?>
<!-- Generated by org.testng.reporters.JUnitXMLReporter -->
<testsuite ignored="0" hostname="CTLT095" failures="0" tests="2" name="Creating Leads - Functional Testing" time="119.936" errors="0" timestamp="2021-04-30T16:58:31 IST">
  <testcase classname="com.liidaveqa.lennoxpros.testcases.TestLead" name="createLead" time="61.411"/>
  <testcase classname="com.liidaveqa.lennoxpros.testcases.TestLead" name="createLead" time="44.201"/>
</testsuite> <!-- Creating Leads - Functional Testing -->
