<?xml version="1.0" encoding="UTF-8"?>
<!-- Generated by org.testng.reporters.JUnitXMLReporter -->
<testsuite ignored="0" hostname="CTLT095" failures="0" tests="2" name="Creating Leads - Functional Testing" time="181.705" errors="0" timestamp="2021-04-29T17:18:45 IST">
  <testcase classname="com.liidaveqa.lennoxpros.testcases.TestLead" name="createLead" time="51.6"/>
  <testcase classname="com.liidaveqa.lennoxpros.testcases.TestLead" name="createLead" time="37.501"/>
</testsuite> <!-- Creating Leads - Functional Testing -->
