<?xml version="1.0" encoding="UTF-8"?>
<testng-results ignored="0" total="2" passed="2" failed="0" skipped="0">
  <reporter-output>
  </reporter-output>
  <suite started-at="2021-04-29T17:15:43 IST" name="LennoxPros" finished-at="2021-04-29T17:18:45 IST" duration-ms="181705">
    <groups>
    </groups>
    <test started-at="2021-04-29T17:15:43 IST" name="Creating Leads - Functional Testing" finished-at="2021-04-29T17:18:45 IST" duration-ms="181705">
      <class name="com.liidaveqa.lennoxpros.testcases.TestLead">
        <test-method is-config="true" signature="springTestContextBeforeTestClass()[pri:0, instance:com.liidaveqa.lennoxpros.testcases.TestLead@30990c1b]" started-at="2021-04-29T17:15:43 IST" name="springTestContextBeforeTestClass" finished-at="2021-04-29T17:15:43 IST" duration-ms="17" status="PASS">
          <reporter-output>
          </reporter-output>
        </test-method> <!-- springTestContextBeforeTestClass -->
        <test-method is-config="true" signature="springTestContextPrepareTestInstance()[pri:0, instance:com.liidaveqa.lennoxpros.testcases.TestLead@30990c1b]" started-at="2021-04-29T17:15:43 IST" name="springTestContextPrepareTestInstance" finished-at="2021-04-29T17:17:14 IST" depends-on-methods="org.springframework.test.context.testng.AbstractTestNGSpringContextTests.springTestContextBeforeTestClass" duration-ms="91455" status="PASS">
          <reporter-output>
          </reporter-output>
        </test-method> <!-- springTestContextPrepareTestInstance -->
        <test-method is-config="true" signature="setUp(org.testng.ITestContext)[pri:0, instance:com.liidaveqa.lennoxpros.testcases.TestLead@30990c1b]" started-at="2021-04-29T17:17:14 IST" name="setUp" finished-at="2021-04-29T17:17:15 IST" duration-ms="255" status="PASS">
          <params>
            <param index="0">
              <value>
                <![CDATA[org.testng.TestRunner@1f3c3291]]>
              </value>
            </param>
          </params>
          <reporter-output>
          </reporter-output>
        </test-method> <!-- setUp -->
        <test-method is-config="true" signature="springTestContextBeforeTestMethod(java.lang.reflect.Method)[pri:0, instance:com.liidaveqa.lennoxpros.testcases.TestLead@30990c1b]" started-at="2021-04-29T17:17:15 IST" name="springTestContextBeforeTestMethod" finished-at="2021-04-29T17:17:15 IST" duration-ms="2" status="PASS">
          <params>
            <param index="0">
              <value>
                <![CDATA[public void com.liidaveqa.lennoxpros.testcases.TestLead.createLead(java.util.Map)]]>
              </value>
            </param>
          </params>
          <reporter-output>
          </reporter-output>
        </test-method> <!-- springTestContextBeforeTestMethod -->
        <test-method signature="createLead(java.util.Map)[pri:0, instance:com.liidaveqa.lennoxpros.testcases.TestLead@30990c1b]" started-at="2021-04-29T17:17:15 IST" name="createLead" data-provider="Leads" finished-at="2021-04-29T17:18:07 IST" duration-ms="51600" status="PASS">
          <params>
            <param index="0">
              <value>
                <![CDATA[{requestTime=10:15 AM, firstName=Sanity21, lastName=Test21, fileName=Cypress.docx, phoneNumber=0123456791, appointmentTime=10:45 AM, upload=doc, requestDate=29, emailID=Sanity21.Test21@gmail.com, appointmentDate=29}]]>
              </value>
            </param>
          </params>
          <reporter-output>
          </reporter-output>
        </test-method> <!-- createLead -->
        <test-method is-config="true" signature="tearDown(org.testng.ITestResult)[pri:0, instance:com.liidaveqa.lennoxpros.testcases.TestLead@30990c1b]" started-at="2021-04-29T17:18:07 IST" name="tearDown" finished-at="2021-04-29T17:18:07 IST" duration-ms="296" status="PASS">
          <params>
            <param index="0">
              <value>
                <![CDATA[[TestResult name=createLead status=SUCCESS method=TestLead.createLead(java.util.Map)[pri:0, instance:com.liidaveqa.lennoxpros.testcases.TestLead@30990c1b] output={null}]]]>
              </value>
            </param>
          </params>
          <reporter-output>
          </reporter-output>
        </test-method> <!-- tearDown -->
        <test-method is-config="true" signature="springTestContextAfterTestMethod(java.lang.reflect.Method)[pri:0, instance:com.liidaveqa.lennoxpros.testcases.TestLead@30990c1b]" started-at="2021-04-29T17:18:07 IST" name="springTestContextAfterTestMethod" finished-at="2021-04-29T17:18:07 IST" duration-ms="1" status="PASS">
          <params>
            <param index="0">
              <value>
                <![CDATA[public void com.liidaveqa.lennoxpros.testcases.TestLead.createLead(java.util.Map)]]>
              </value>
            </param>
          </params>
          <reporter-output>
          </reporter-output>
        </test-method> <!-- springTestContextAfterTestMethod -->
        <test-method is-config="true" signature="springTestContextBeforeTestMethod(java.lang.reflect.Method)[pri:0, instance:com.liidaveqa.lennoxpros.testcases.TestLead@30990c1b]" started-at="2021-04-29T17:18:07 IST" name="springTestContextBeforeTestMethod" finished-at="2021-04-29T17:18:07 IST" duration-ms="1" status="PASS">
          <params>
            <param index="0">
              <value>
                <![CDATA[public void com.liidaveqa.lennoxpros.testcases.TestLead.createLead(java.util.Map)]]>
              </value>
            </param>
          </params>
          <reporter-output>
          </reporter-output>
        </test-method> <!-- springTestContextBeforeTestMethod -->
        <test-method signature="createLead(java.util.Map)[pri:0, instance:com.liidaveqa.lennoxpros.testcases.TestLead@30990c1b]" started-at="2021-04-29T17:18:07 IST" name="createLead" data-provider="Leads" finished-at="2021-04-29T17:18:45 IST" duration-ms="37501" status="PASS">
          <params>
            <param index="0">
              <value>
                <![CDATA[{requestTime=10:15 AM, firstName=Sanity22, lastName=Test22, fileName=Serverless.png, phoneNumber=0123456790, appointmentTime=10:45 AM, upload=img, requestDate=30, emailID=Sanity22.Test22@gmail.com, appointmentDate=30}]]>
              </value>
            </param>
          </params>
          <reporter-output>
          </reporter-output>
        </test-method> <!-- createLead -->
        <test-method is-config="true" signature="tearDown(org.testng.ITestResult)[pri:0, instance:com.liidaveqa.lennoxpros.testcases.TestLead@30990c1b]" started-at="2021-04-29T17:18:45 IST" name="tearDown" finished-at="2021-04-29T17:18:45 IST" duration-ms="29" status="PASS">
          <params>
            <param index="0">
              <value>
                <![CDATA[[TestResult name=createLead status=SUCCESS method=TestLead.createLead(java.util.Map)[pri:0, instance:com.liidaveqa.lennoxpros.testcases.TestLead@30990c1b] output={null}]]]>
              </value>
            </param>
          </params>
          <reporter-output>
          </reporter-output>
        </test-method> <!-- tearDown -->
        <test-method is-config="true" signature="springTestContextAfterTestMethod(java.lang.reflect.Method)[pri:0, instance:com.liidaveqa.lennoxpros.testcases.TestLead@30990c1b]" started-at="2021-04-29T17:18:45 IST" name="springTestContextAfterTestMethod" finished-at="2021-04-29T17:18:45 IST" duration-ms="1" status="PASS">
          <params>
            <param index="0">
              <value>
                <![CDATA[public void com.liidaveqa.lennoxpros.testcases.TestLead.createLead(java.util.Map)]]>
              </value>
            </param>
          </params>
          <reporter-output>
          </reporter-output>
        </test-method> <!-- springTestContextAfterTestMethod -->
        <test-method is-config="true" signature="springTestContextAfterTestClass()[pri:0, instance:com.liidaveqa.lennoxpros.testcases.TestLead@30990c1b]" started-at="2021-04-29T17:18:45 IST" name="springTestContextAfterTestClass" finished-at="2021-04-29T17:18:45 IST" duration-ms="1" status="PASS">
          <reporter-output>
          </reporter-output>
        </test-method> <!-- springTestContextAfterTestClass -->
      </class> <!-- com.liidaveqa.lennoxpros.testcases.TestLead -->
    </test> <!-- Creating Leads - Functional Testing -->
  </suite> <!-- LennoxPros -->
</testng-results>
