<?xml version="1.0" encoding="UTF-8"?>
<testng-results ignored="0" total="2" passed="2" failed="0" skipped="0">
  <reporter-output>
  </reporter-output>
  <suite started-at="2021-04-30T16:56:31 IST" name="LennoxPros" finished-at="2021-04-30T16:58:31 IST" duration-ms="119936">
    <groups>
    </groups>
    <test started-at="2021-04-30T16:56:31 IST" name="Creating Leads - Functional Testing" finished-at="2021-04-30T16:58:31 IST" duration-ms="119936">
      <class name="com.liidaveqa.lennoxpros.testcases.TestLead">
        <test-method is-config="true" signature="springTestContextBeforeTestClass()[pri:0, instance:com.liidaveqa.lennoxpros.testcases.TestLead@4f071df8]" started-at="2021-04-30T16:56:31 IST" name="springTestContextBeforeTestClass" finished-at="2021-04-30T16:56:31 IST" duration-ms="41" status="PASS">
          <reporter-output>
          </reporter-output>
        </test-method> <!-- springTestContextBeforeTestClass -->
        <test-method is-config="true" signature="springTestContextPrepareTestInstance()[pri:0, instance:com.liidaveqa.lennoxpros.testcases.TestLead@4f071df8]" started-at="2021-04-30T16:56:31 IST" name="springTestContextPrepareTestInstance" finished-at="2021-04-30T16:56:41 IST" depends-on-methods="org.springframework.test.context.testng.AbstractTestNGSpringContextTests.springTestContextBeforeTestClass" duration-ms="10237" status="PASS">
          <reporter-output>
          </reporter-output>
        </test-method> <!-- springTestContextPrepareTestInstance -->
        <test-method is-config="true" signature="setUp(org.testng.ITestContext)[pri:0, instance:com.liidaveqa.lennoxpros.testcases.TestLead@4f071df8]" started-at="2021-04-30T16:56:41 IST" name="setUp" finished-at="2021-04-30T16:56:42 IST" duration-ms="598" status="PASS">
          <params>
            <param index="0">
              <value>
                <![CDATA[org.testng.TestRunner@55882ff2]]>
              </value>
            </param>
          </params>
          <reporter-output>
          </reporter-output>
        </test-method> <!-- setUp -->
        <test-method is-config="true" signature="springTestContextBeforeTestMethod(java.lang.reflect.Method)[pri:0, instance:com.liidaveqa.lennoxpros.testcases.TestLead@4f071df8]" started-at="2021-04-30T16:56:43 IST" name="springTestContextBeforeTestMethod" finished-at="2021-04-30T16:56:43 IST" duration-ms="3" status="PASS">
          <params>
            <param index="0">
              <value>
                <![CDATA[public void com.liidaveqa.lennoxpros.testcases.TestLead.createLead(java.util.Map)]]>
              </value>
            </param>
          </params>
          <reporter-output>
          </reporter-output>
        </test-method> <!-- springTestContextBeforeTestMethod -->
        <test-method signature="createLead(java.util.Map)[pri:0, instance:com.liidaveqa.lennoxpros.testcases.TestLead@4f071df8]" started-at="2021-04-30T16:56:43 IST" name="createLead" data-provider="Leads" finished-at="2021-04-30T16:57:45 IST" duration-ms="61411" status="PASS">
          <params>
            <param index="0">
              <value>
                <![CDATA[{requestTime=10:15 AM, firstName=Sanity31, lastName=Test31, fileName=Cypress.docx, phoneNumber=0123456791, appointmentTime=10:45 AM, upload=doc, requestDate=30, emailID=Sanity31.Test31@gmail.com, appointmentDate=30}]]>
              </value>
            </param>
          </params>
          <reporter-output>
          </reporter-output>
        </test-method> <!-- createLead -->
        <test-method is-config="true" signature="tearDown(org.testng.ITestResult)[pri:0, instance:com.liidaveqa.lennoxpros.testcases.TestLead@4f071df8]" started-at="2021-04-30T16:57:45 IST" name="tearDown" finished-at="2021-04-30T16:57:46 IST" duration-ms="976" status="PASS">
          <params>
            <param index="0">
              <value>
                <![CDATA[[TestResult name=createLead status=SUCCESS method=TestLead.createLead(java.util.Map)[pri:0, instance:com.liidaveqa.lennoxpros.testcases.TestLead@4f071df8] output={null}]]]>
              </value>
            </param>
          </params>
          <reporter-output>
          </reporter-output>
        </test-method> <!-- tearDown -->
        <test-method is-config="true" signature="springTestContextAfterTestMethod(java.lang.reflect.Method)[pri:0, instance:com.liidaveqa.lennoxpros.testcases.TestLead@4f071df8]" started-at="2021-04-30T16:57:46 IST" name="springTestContextAfterTestMethod" finished-at="2021-04-30T16:57:46 IST" duration-ms="2" status="PASS">
          <params>
            <param index="0">
              <value>
                <![CDATA[public void com.liidaveqa.lennoxpros.testcases.TestLead.createLead(java.util.Map)]]>
              </value>
            </param>
          </params>
          <reporter-output>
          </reporter-output>
        </test-method> <!-- springTestContextAfterTestMethod -->
        <test-method is-config="true" signature="springTestContextBeforeTestMethod(java.lang.reflect.Method)[pri:0, instance:com.liidaveqa.lennoxpros.testcases.TestLead@4f071df8]" started-at="2021-04-30T16:57:46 IST" name="springTestContextBeforeTestMethod" finished-at="2021-04-30T16:57:46 IST" duration-ms="2" status="PASS">
          <params>
            <param index="0">
              <value>
                <![CDATA[public void com.liidaveqa.lennoxpros.testcases.TestLead.createLead(java.util.Map)]]>
              </value>
            </param>
          </params>
          <reporter-output>
          </reporter-output>
        </test-method> <!-- springTestContextBeforeTestMethod -->
        <test-method signature="createLead(java.util.Map)[pri:0, instance:com.liidaveqa.lennoxpros.testcases.TestLead@4f071df8]" started-at="2021-04-30T16:57:46 IST" name="createLead" data-provider="Leads" finished-at="2021-04-30T16:58:30 IST" duration-ms="44201" status="PASS">
          <params>
            <param index="0">
              <value>
                <![CDATA[{requestTime=10:15 AM, firstName=Sanity32, lastName=Test32, fileName=Serverless.png, phoneNumber=0123456790, appointmentTime=10:45 AM, upload=img, requestDate=30, emailID=Sanity32.Test32@gmail.com, appointmentDate=30}]]>
              </value>
            </param>
          </params>
          <reporter-output>
          </reporter-output>
        </test-method> <!-- createLead -->
        <test-method is-config="true" signature="tearDown(org.testng.ITestResult)[pri:0, instance:com.liidaveqa.lennoxpros.testcases.TestLead@4f071df8]" started-at="2021-04-30T16:58:30 IST" name="tearDown" finished-at="2021-04-30T16:58:30 IST" duration-ms="132" status="PASS">
          <params>
            <param index="0">
              <value>
                <![CDATA[[TestResult name=createLead status=SUCCESS method=TestLead.createLead(java.util.Map)[pri:0, instance:com.liidaveqa.lennoxpros.testcases.TestLead@4f071df8] output={null}]]]>
              </value>
            </param>
          </params>
          <reporter-output>
          </reporter-output>
        </test-method> <!-- tearDown -->
        <test-method is-config="true" signature="springTestContextAfterTestMethod(java.lang.reflect.Method)[pri:0, instance:com.liidaveqa.lennoxpros.testcases.TestLead@4f071df8]" started-at="2021-04-30T16:58:30 IST" name="springTestContextAfterTestMethod" finished-at="2021-04-30T16:58:30 IST" duration-ms="1" status="PASS">
          <params>
            <param index="0">
              <value>
                <![CDATA[public void com.liidaveqa.lennoxpros.testcases.TestLead.createLead(java.util.Map)]]>
              </value>
            </param>
          </params>
          <reporter-output>
          </reporter-output>
        </test-method> <!-- springTestContextAfterTestMethod -->
        <test-method is-config="true" signature="tearDown()[pri:0, instance:com.liidaveqa.lennoxpros.testcases.TestLead@4f071df8]" started-at="2021-04-30T16:58:30 IST" name="tearDown" finished-at="2021-04-30T16:58:31 IST" duration-ms="856" status="PASS">
          <reporter-output>
          </reporter-output>
        </test-method> <!-- tearDown -->
        <test-method is-config="true" signature="springTestContextAfterTestClass()[pri:0, instance:com.liidaveqa.lennoxpros.testcases.TestLead@4f071df8]" started-at="2021-04-30T16:58:31 IST" name="springTestContextAfterTestClass" finished-at="2021-04-30T16:58:31 IST" duration-ms="4" status="PASS">
          <reporter-output>
          </reporter-output>
        </test-method> <!-- springTestContextAfterTestClass -->
      </class> <!-- com.liidaveqa.lennoxpros.testcases.TestLead -->
    </test> <!-- Creating Leads - Functional Testing -->
  </suite> <!-- LennoxPros -->
</testng-results>
